2019-06-03 22:54:41,026 INFO com.myapp.TaskManagerAppApplication [restartedMain] Starting TaskManagerAppApplication on Javafs with PID 735468 (C:\Users\subodh\git\task-manager-app\task-manager-app\target\classes started by Admin in C:\Users\subodh\git\task-manager-app\task-manager-app)
2019-06-03 22:54:41,042 DEBUG com.myapp.TaskManagerAppApplication [restartedMain] Running with Spring Boot v2.1.4.RELEASE, Spring v5.1.6.RELEASE
2019-06-03 22:54:41,042 INFO com.myapp.TaskManagerAppApplication [restartedMain] No active profile set, falling back to default profiles: default
2019-06-03 22:54:44,167 INFO org.apache.catalina.core.StandardService [restartedMain] Starting service [Tomcat]
2019-06-03 22:54:44,167 INFO org.apache.catalina.core.StandardEngine [restartedMain] Starting Servlet engine: [Apache Tomcat/9.0.17]
2019-06-03 22:54:44,324 INFO org.apache.catalina.core.ContainerBase.[Tomcat].[localhost].[/] [restartedMain] Initializing Spring embedded WebApplicationContext
2019-06-03 22:54:45,488 INFO com.zaxxer.hikari.HikariDataSource [restartedMain] HikariPool-1 - Starting...
2019-06-03 22:54:45,505 WARN com.zaxxer.hikari.util.DriverDataSource [restartedMain] Registered driver with driverClassName=com.mysql.jdbc.Driver was not found, trying direct instantiation.
2019-06-03 22:54:45,895 INFO com.zaxxer.hikari.HikariDataSource [restartedMain] HikariPool-1 - Start completed.
2019-06-03 22:54:45,973 INFO org.hibernate.jpa.internal.util.LogHelper [restartedMain] HHH000204: Processing PersistenceUnitInfo [
	name: default
	...]
2019-06-03 22:54:46,036 INFO org.hibernate.Version [restartedMain] HHH000412: Hibernate Core {5.3.9.Final}
2019-06-03 22:54:46,036 INFO org.hibernate.cfg.Environment [restartedMain] HHH000206: hibernate.properties not found
2019-06-03 22:54:46,208 INFO org.hibernate.annotations.common.Version [restartedMain] HCANN000001: Hibernate Commons Annotations {5.0.4.Final}
2019-06-03 22:54:46,380 INFO org.hibernate.dialect.Dialect [restartedMain] HHH000400: Using dialect: org.hibernate.dialect.MySQL57Dialect
2019-06-03 22:54:48,442 DEBUG com.myapp.taskmanager.config.TaskManagerConfig [restartedMain] Initializing CorsConfigurationSource
2019-06-03 22:54:48,442 DEBUG com.myapp.taskmanager.config.TaskManagerConfig [restartedMain] CorsConfigurationSource initialized as org.springframework.web.cors.UrlBasedCorsConfigurationSource@7392d793
2019-06-03 22:54:48,927 DEBUG com.myapp.taskmanager.security.TaskManagerSecurityConfiguration [restartedMain] Configuring AuthenticationManagerBuilder with inMemoryAuthentication params...
2019-06-03 22:54:49,287 DEBUG com.myapp.taskmanager.security.TaskManagerSecurityConfiguration [restartedMain] Configuring Authorization params...
2019-06-03 22:54:49,459 DEBUG com.myapp.TaskManagerAppApplication [restartedMain] Initializing LocalValidatorFactoryBean
2019-06-03 22:54:49,459 DEBUG com.myapp.TaskManagerAppApplication [restartedMain] Configuring message sourceorg.springframework.context.support.ResourceBundleMessageSource: basenames=[validation]
2019-06-03 22:54:51,475 INFO com.myapp.TaskManagerAppApplication [restartedMain] Started TaskManagerAppApplication in 11.012 seconds (JVM running for 11.85)
2019-06-03 22:54:51,492 DEBUG com.myapp.TaskManagerAppApplication [restartedMain] ################################################
2019-06-03 22:54:51,492 DEBUG com.myapp.TaskManagerAppApplication [restartedMain] Let's inspect the beans provided by Spring Boot:
2019-06-03 22:54:51,493 DEBUG com.myapp.TaskManagerAppApplication [restartedMain] Beans provided : _relProvider
2019-06-03 22:54:51,493 DEBUG com.myapp.TaskManagerAppApplication [restartedMain] ################################################
2019-06-03 22:55:50,896 INFO org.apache.catalina.core.ContainerBase.[Tomcat].[localhost].[/] [http-nio-8085-exec-1] Initializing Spring DispatcherServlet 'dispatcherServlet'
2019-06-03 22:55:51,435 ERROR com.myapp.taskmanager.security.TaskManagerBasicAuthEntryPoint [http-nio-8085-exec-1] AuthenticationException ex Bad credentials
2019-06-03 22:55:51,462 ERROR com.myapp.taskmanager.security.TaskManagerBasicAuthEntryPoint [http-nio-8085-exec-1] AuthenticationException ex Full authentication is required to access this resource
2019-06-03 22:55:51,640 ERROR com.myapp.taskmanager.security.TaskManagerBasicAuthEntryPoint [http-nio-8085-exec-2] AuthenticationException ex Bad credentials
2019-06-03 22:55:51,642 ERROR com.myapp.taskmanager.security.TaskManagerBasicAuthEntryPoint [http-nio-8085-exec-2] AuthenticationException ex Full authentication is required to access this resource
2019-06-03 22:59:12,537 ERROR com.myapp.taskmanager.security.TaskManagerBasicAuthEntryPoint [http-nio-8085-exec-5] AuthenticationException ex Bad credentials
2019-06-03 22:59:12,537 ERROR com.myapp.taskmanager.security.TaskManagerBasicAuthEntryPoint [http-nio-8085-exec-5] AuthenticationException ex Full authentication is required to access this resource
2019-06-03 22:59:12,756 ERROR com.myapp.taskmanager.security.TaskManagerBasicAuthEntryPoint [http-nio-8085-exec-6] AuthenticationException ex Bad credentials
2019-06-03 22:59:12,756 ERROR com.myapp.taskmanager.security.TaskManagerBasicAuthEntryPoint [http-nio-8085-exec-6] AuthenticationException ex Full authentication is required to access this resource
2019-06-03 22:59:21,769 ERROR com.myapp.taskmanager.security.TaskManagerBasicAuthEntryPoint [http-nio-8085-exec-9] AuthenticationException ex Bad credentials
2019-06-03 22:59:21,771 ERROR com.myapp.taskmanager.security.TaskManagerBasicAuthEntryPoint [http-nio-8085-exec-9] AuthenticationException ex Full authentication is required to access this resource
2019-06-03 22:59:21,940 ERROR com.myapp.taskmanager.security.TaskManagerBasicAuthEntryPoint [http-nio-8085-exec-10] AuthenticationException ex Bad credentials
2019-06-03 22:59:21,940 ERROR com.myapp.taskmanager.security.TaskManagerBasicAuthEntryPoint [http-nio-8085-exec-10] AuthenticationException ex Full authentication is required to access this resource
2019-06-03 22:59:37,130 DEBUG com.myapp.taskmanager.controller.TaskManagerController [http-nio-8085-exec-3] Login request receieved, auth header :org.apache.tomcat.util.http.ValuesEnumerator@4cd2cca2
2019-06-03 22:59:37,130 DEBUG com.myapp.taskmanager.controller.TaskManagerController [http-nio-8085-exec-3] Authentication result :true 
2019-06-03 23:00:11,082 DEBUG com.myapp.taskmanager.controller.TaskManagerController [http-nio-8085-exec-7] GET listAllTasks() request received
2019-06-03 23:00:11,099 DEBUG com.myapp.taskmanager.service.TaskManagerServiceImpl [http-nio-8085-exec-7] Calling repository for findAllTasks
2019-06-03 23:00:11,115 DEBUG com.myapp.taskmanager.controller.TaskManagerController [http-nio-8085-exec-8] GET listAllParentTasks() request received
2019-06-03 23:00:11,115 DEBUG com.myapp.taskmanager.service.TaskManagerServiceImpl [http-nio-8085-exec-8] Calling repository for findAllParenTasks
2019-06-03 23:00:11,146 INFO org.hibernate.hql.internal.QueryTranslatorFactoryInitiator [http-nio-8085-exec-8] HHH000397: Using ASTQueryTranslatorFactory
2019-06-03 23:04:55,948 DEBUG com.myapp.taskmanager.controller.TaskManagerController [http-nio-8085-exec-4] GET listAllParentTasks() request received
2019-06-03 23:04:55,949 DEBUG com.myapp.taskmanager.service.TaskManagerServiceImpl [http-nio-8085-exec-4] Calling repository for findAllParenTasks
2019-06-03 23:04:56,050 DEBUG com.myapp.taskmanager.controller.TaskManagerController [http-nio-8085-exec-5] GET listAllTasks() request received
2019-06-03 23:04:56,051 DEBUG com.myapp.taskmanager.service.TaskManagerServiceImpl [http-nio-8085-exec-5] Calling repository for findAllTasks
2019-06-03 23:04:56,118 DEBUG com.myapp.taskmanager.controller.TaskManagerController [http-nio-8085-exec-6] GET getTask() request received for 47
2019-06-03 23:04:56,119 DEBUG com.myapp.taskmanager.service.TaskManagerServiceImpl [http-nio-8085-exec-6] Calling repository for getTaskById taskId 47
2019-06-03 23:05:34,858 DEBUG com.myapp.taskmanager.controller.TaskManagerController [http-nio-8085-exec-1] PUT updateTask() request received TaskDTO [taskId=47, task=Perform Enhanced Due diligence - PEP - UPDATED, startDate=2019-06-15, endDate=2019-11-15, priority=28, taskComplete=null]
2019-06-03 23:05:34,858 DEBUG com.myapp.taskmanager.controller.TaskManagerController [http-nio-8085-exec-1] PUT updateTask() mapped entity Task [taskId=47, task=Perform Enhanced Due diligence - PEP - UPDATED, startDate=2019-06-15, endDate=2019-11-15, priority=28, taskComplete=null]
2019-06-03 23:05:34,875 DEBUG com.myapp.taskmanager.service.TaskManagerServiceImpl [http-nio-8085-exec-1] Calling repository for updateTask Task Task [taskId=47, task=Perform Enhanced Due diligence - PEP - UPDATED, startDate=2019-06-15, endDate=2019-11-15, priority=28, taskComplete=null]
2019-06-03 23:05:34,875 DEBUG com.myapp.taskmanager.service.TaskManagerServiceImpl [http-nio-8085-exec-1] Calling repository for getTaskById taskId 47
2019-06-03 23:05:34,875 DEBUG com.myapp.taskmanager.service.TaskManagerServiceImpl [http-nio-8085-exec-1] Calling repository for getParentTaskById taskId 6
2019-06-03 23:05:35,401 DEBUG com.myapp.taskmanager.controller.TaskManagerController [http-nio-8085-exec-4] GET listAllTasks() request received
2019-06-03 23:05:35,432 DEBUG com.myapp.taskmanager.service.TaskManagerServiceImpl [http-nio-8085-exec-4] Calling repository for findAllTasks
2019-06-03 23:05:35,432 DEBUG com.myapp.taskmanager.controller.TaskManagerController [http-nio-8085-exec-5] GET listAllParentTasks() request received
2019-06-03 23:05:35,432 DEBUG com.myapp.taskmanager.service.TaskManagerServiceImpl [http-nio-8085-exec-5] Calling repository for findAllParenTasks
2019-06-03 23:06:10,995 DEBUG com.myapp.taskmanager.controller.TaskManagerController [http-nio-8085-exec-8] PUT updateTask() request received TaskDTO [taskId=47, task=Perform Enhanced Due diligence - PEP - UPDATED, startDate=2019-06-15, endDate=2019-06-03, priority=28, taskComplete=true]
2019-06-03 23:06:10,995 DEBUG com.myapp.taskmanager.controller.TaskManagerController [http-nio-8085-exec-8] PUT updateTask() mapped entity Task [taskId=47, task=Perform Enhanced Due diligence - PEP - UPDATED, startDate=2019-06-15, endDate=2019-06-03, priority=28, taskComplete=true]
2019-06-03 23:06:10,996 DEBUG com.myapp.taskmanager.service.TaskManagerServiceImpl [http-nio-8085-exec-8] Calling repository for updateTask Task Task [taskId=47, task=Perform Enhanced Due diligence - PEP - UPDATED, startDate=2019-06-15, endDate=2019-06-03, priority=28, taskComplete=true]
2019-06-03 23:06:10,997 DEBUG com.myapp.taskmanager.service.TaskManagerServiceImpl [http-nio-8085-exec-8] Calling repository for getTaskById taskId 47
2019-06-03 23:06:11,004 DEBUG com.myapp.taskmanager.service.TaskManagerServiceImpl [http-nio-8085-exec-8] Calling repository for getParentTaskById taskId 6
2019-06-03 23:06:11,408 DEBUG com.myapp.taskmanager.controller.TaskManagerController [http-nio-8085-exec-1] GET listAllTasks() request received
2019-06-03 23:06:11,408 DEBUG com.myapp.taskmanager.service.TaskManagerServiceImpl [http-nio-8085-exec-1] Calling repository for findAllTasks
2019-06-03 23:06:38,458 DEBUG com.myapp.taskmanager.controller.TaskManagerController [http-nio-8085-exec-5] DELETE deleteTask() request received 10
2019-06-03 23:06:38,458 DEBUG com.myapp.taskmanager.service.TaskManagerServiceImpl [http-nio-8085-exec-5] Calling repository for deleteTaskById taskId 10
2019-06-03 23:06:38,898 DEBUG com.myapp.taskmanager.controller.TaskManagerController [http-nio-8085-exec-7] GET listAllTasks() request received
2019-06-03 23:06:38,914 DEBUG com.myapp.taskmanager.service.TaskManagerServiceImpl [http-nio-8085-exec-7] Calling repository for findAllTasks
2019-06-03 23:07:05,934 DEBUG com.myapp.taskmanager.controller.TaskManagerController [http-nio-8085-exec-10] GET listAllTasks() request received
2019-06-03 23:07:05,934 DEBUG com.myapp.taskmanager.service.TaskManagerServiceImpl [http-nio-8085-exec-10] Calling repository for findAllTasks
2019-06-03 23:07:06,011 DEBUG com.myapp.taskmanager.controller.TaskManagerController [http-nio-8085-exec-1] GET listAllParentTasks() request received
2019-06-03 23:07:06,011 DEBUG com.myapp.taskmanager.service.TaskManagerServiceImpl [http-nio-8085-exec-1] Calling repository for findAllParenTasks
2019-06-03 23:08:13,354 DEBUG com.myapp.taskmanager.controller.TaskManagerController [http-nio-8085-exec-4] POST addNewTask() request received TaskDTO [taskId=0, task=MY TEST TASK FOR KYC , startDate=2019-06-04, endDate=2019-10-04, priority=8, taskComplete=null]
2019-06-03 23:08:13,354 DEBUG com.myapp.taskmanager.controller.TaskManagerController [http-nio-8085-exec-4] POST addNewTask() mapped entity Task [taskId=0, task=MY TEST TASK FOR KYC , startDate=2019-06-04, endDate=2019-10-04, priority=8, taskComplete=null]
2019-06-03 23:08:13,356 DEBUG com.myapp.taskmanager.service.TaskManagerServiceImpl [http-nio-8085-exec-4] Calling repository for createTask Task Task [taskId=0, task=MY TEST TASK FOR KYC , startDate=2019-06-04, endDate=2019-10-04, priority=8, taskComplete=null]
2019-06-03 23:08:13,397 ERROR org.hibernate.internal.ExceptionMapperStandardImpl [http-nio-8085-exec-4] HHH000346: Error during managed flush [org.hibernate.TransientPropertyValueException: object references an unsaved transient instance - save the transient instance before flushing : com.myapp.taskmanager.entity.Task.prntTask -> com.myapp.taskmanager.entity.ParentTask]
2019-06-03 23:08:13,412 ERROR com.myapp.taskmanager.exception.TaskManagerCustomExceptionHandler [http-nio-8085-exec-4] handleGenericException ex {}
org.springframework.dao.InvalidDataAccessApiUsageException: org.hibernate.TransientPropertyValueException: object references an unsaved transient instance - save the transient instance before flushing : com.myapp.taskmanager.entity.Task.prntTask -> com.myapp.taskmanager.entity.ParentTask; nested exception is java.lang.IllegalStateException: org.hibernate.TransientPropertyValueException: object references an unsaved transient instance - save the transient instance before flushing : com.myapp.taskmanager.entity.Task.prntTask -> com.myapp.taskmanager.entity.ParentTask
	at org.springframework.orm.jpa.EntityManagerFactoryUtils.convertJpaAccessExceptionIfPossible(EntityManagerFactoryUtils.java:370)
	at org.springframework.orm.jpa.vendor.HibernateJpaDialect.translateExceptionIfPossible(HibernateJpaDialect.java:255)
	at org.springframework.orm.jpa.JpaTransactionManager.doCommit(JpaTransactionManager.java:536)
	at org.springframework.transaction.support.AbstractPlatformTransactionManager.processCommit(AbstractPlatformTransactionManager.java:746)
	at org.springframework.transaction.support.AbstractPlatformTransactionManager.commit(AbstractPlatformTransactionManager.java:714)
	at org.springframework.transaction.interceptor.TransactionAspectSupport.commitTransactionAfterReturning(TransactionAspectSupport.java:533)
	at org.springframework.transaction.interceptor.TransactionAspectSupport.invokeWithinTransaction(TransactionAspectSupport.java:304)
	at org.springframework.transaction.interceptor.TransactionInterceptor.invoke(TransactionInterceptor.java:98)
	at org.springframework.aop.framework.ReflectiveMethodInvocation.proceed(ReflectiveMethodInvocation.java:186)
	at org.springframework.aop.framework.CglibAopProxy$DynamicAdvisedInterceptor.intercept(CglibAopProxy.java:688)
	at com.myapp.taskmanager.service.TaskManagerServiceImpl$$EnhancerBySpringCGLIB$$a1ef80ae.createTask(<generated>)
	at com.myapp.taskmanager.controller.TaskManagerController.addNewTask(TaskManagerController.java:86)
	at sun.reflect.NativeMethodAccessorImpl.invoke0(Native Method)
	at sun.reflect.NativeMethodAccessorImpl.invoke(Unknown Source)
	at sun.reflect.DelegatingMethodAccessorImpl.invoke(Unknown Source)
	at java.lang.reflect.Method.invoke(Unknown Source)
	at org.springframework.web.method.support.InvocableHandlerMethod.doInvoke(InvocableHandlerMethod.java:189)
	at org.springframework.web.method.support.InvocableHandlerMethod.invokeForRequest(InvocableHandlerMethod.java:138)
	at org.springframework.web.servlet.mvc.method.annotation.ServletInvocableHandlerMethod.invokeAndHandle(ServletInvocableHandlerMethod.java:102)
	at org.springframework.web.servlet.mvc.method.annotation.RequestMappingHandlerAdapter.invokeHandlerMethod(RequestMappingHandlerAdapter.java:892)
	at org.springframework.web.servlet.mvc.method.annotation.RequestMappingHandlerAdapter.handleInternal(RequestMappingHandlerAdapter.java:797)
	at org.springframework.web.servlet.mvc.method.AbstractHandlerMethodAdapter.handle(AbstractHandlerMethodAdapter.java:87)
	at org.springframework.web.servlet.DispatcherServlet.doDispatch(DispatcherServlet.java:1038)
	at org.springframework.web.servlet.DispatcherServlet.doService(DispatcherServlet.java:942)
	at org.springframework.web.servlet.FrameworkServlet.processRequest(FrameworkServlet.java:1005)
	at org.springframework.web.servlet.FrameworkServlet.doPost(FrameworkServlet.java:908)
	at javax.servlet.http.HttpServlet.service(HttpServlet.java:660)
	at org.springframework.web.servlet.FrameworkServlet.service(FrameworkServlet.java:882)
	at javax.servlet.http.HttpServlet.service(HttpServlet.java:741)
	at org.apache.catalina.core.ApplicationFilterChain.internalDoFilter(ApplicationFilterChain.java:231)
	at org.apache.catalina.core.ApplicationFilterChain.doFilter(ApplicationFilterChain.java:166)
	at org.apache.tomcat.websocket.server.WsFilter.doFilter(WsFilter.java:53)
	at org.apache.catalina.core.ApplicationFilterChain.internalDoFilter(ApplicationFilterChain.java:193)
	at org.apache.catalina.core.ApplicationFilterChain.doFilter(ApplicationFilterChain.java:166)
	at org.springframework.boot.actuate.web.trace.servlet.HttpTraceFilter.doFilterInternal(HttpTraceFilter.java:90)
	at org.springframework.web.filter.OncePerRequestFilter.doFilter(OncePerRequestFilter.java:107)
	at org.apache.catalina.core.ApplicationFilterChain.internalDoFilter(ApplicationFilterChain.java:193)
	at org.apache.catalina.core.ApplicationFilterChain.doFilter(ApplicationFilterChain.java:166)
	at org.springframework.security.web.FilterChainProxy$VirtualFilterChain.doFilter(FilterChainProxy.java:320)
	at org.springframework.security.web.access.intercept.FilterSecurityInterceptor.invoke(FilterSecurityInterceptor.java:127)
	at org.springframework.security.web.access.intercept.FilterSecurityInterceptor.doFilter(FilterSecurityInterceptor.java:91)
	at org.springframework.security.web.FilterChainProxy$VirtualFilterChain.doFilter(FilterChainProxy.java:334)
	at org.springframework.security.web.access.ExceptionTranslationFilter.doFilter(ExceptionTranslationFilter.java:119)
	at org.springframework.security.web.FilterChainProxy$VirtualFilterChain.doFilter(FilterChainProxy.java:334)
	at org.springframework.security.web.session.SessionManagementFilter.doFilter(SessionManagementFilter.java:137)
	at org.springframework.security.web.FilterChainProxy$VirtualFilterChain.doFilter(FilterChainProxy.java:334)
	at org.springframework.security.web.authentication.AnonymousAuthenticationFilter.doFilter(AnonymousAuthenticationFilter.java:111)
	at org.springframework.security.web.FilterChainProxy$VirtualFilterChain.doFilter(FilterChainProxy.java:334)
	at org.springframework.security.web.servletapi.SecurityContextHolderAwareRequestFilter.doFilter(SecurityContextHolderAwareRequestFilter.java:170)
	at org.springframework.security.web.FilterChainProxy$VirtualFilterChain.doFilter(FilterChainProxy.java:334)
	at org.springframework.security.web.savedrequest.RequestCacheAwareFilter.doFilter(RequestCacheAwareFilter.java:63)
	at org.springframework.security.web.FilterChainProxy$VirtualFilterChain.doFilter(FilterChainProxy.java:334)
	at org.springframework.security.web.authentication.www.BasicAuthenticationFilter.doFilterInternal(BasicAuthenticationFilter.java:215)
	at org.springframework.web.filter.OncePerRequestFilter.doFilter(OncePerRequestFilter.java:107)
	at org.springframework.security.web.FilterChainProxy$VirtualFilterChain.doFilter(FilterChainProxy.java:334)
	at org.springframework.security.web.authentication.logout.LogoutFilter.doFilter(LogoutFilter.java:116)
	at org.springframework.security.web.FilterChainProxy$VirtualFilterChain.doFilter(FilterChainProxy.java:334)
	at org.springframework.web.filter.CorsFilter.doFilterInternal(CorsFilter.java:96)
	at org.springframework.web.filter.OncePerRequestFilter.doFilter(OncePerRequestFilter.java:107)
	at org.springframework.security.web.FilterChainProxy$VirtualFilterChain.doFilter(FilterChainProxy.java:334)
	at org.springframework.security.web.header.HeaderWriterFilter.doFilterInternal(HeaderWriterFilter.java:74)
	at org.springframework.web.filter.OncePerRequestFilter.doFilter(OncePerRequestFilter.java:107)
	at org.springframework.security.web.FilterChainProxy$VirtualFilterChain.doFilter(FilterChainProxy.java:334)
	at org.springframework.security.web.context.SecurityContextPersistenceFilter.doFilter(SecurityContextPersistenceFilter.java:105)
	at org.springframework.security.web.FilterChainProxy$VirtualFilterChain.doFilter(FilterChainProxy.java:334)
	at org.springframework.security.web.context.request.async.WebAsyncManagerIntegrationFilter.doFilterInternal(WebAsyncManagerIntegrationFilter.java:56)
	at org.springframework.web.filter.OncePerRequestFilter.doFilter(OncePerRequestFilter.java:107)
	at org.springframework.security.web.FilterChainProxy$VirtualFilterChain.doFilter(FilterChainProxy.java:334)
	at org.springframework.security.web.FilterChainProxy.doFilterInternal(FilterChainProxy.java:215)
	at org.springframework.security.web.FilterChainProxy.doFilter(FilterChainProxy.java:178)
	at org.springframework.web.filter.DelegatingFilterProxy.invokeDelegate(DelegatingFilterProxy.java:357)
	at org.springframework.web.filter.DelegatingFilterProxy.doFilter(DelegatingFilterProxy.java:270)
	at org.apache.catalina.core.ApplicationFilterChain.internalDoFilter(ApplicationFilterChain.java:193)
	at org.apache.catalina.core.ApplicationFilterChain.doFilter(ApplicationFilterChain.java:166)
	at org.springframework.web.filter.RequestContextFilter.doFilterInternal(RequestContextFilter.java:99)
	at org.springframework.web.filter.OncePerRequestFilter.doFilter(OncePerRequestFilter.java:107)
	at org.apache.catalina.core.ApplicationFilterChain.internalDoFilter(ApplicationFilterChain.java:193)
	at org.apache.catalina.core.ApplicationFilterChain.doFilter(ApplicationFilterChain.java:166)
	at org.springframework.web.filter.FormContentFilter.doFilterInternal(FormContentFilter.java:92)
	at org.springframework.web.filter.OncePerRequestFilter.doFilter(OncePerRequestFilter.java:107)
	at org.apache.catalina.core.ApplicationFilterChain.internalDoFilter(ApplicationFilterChain.java:193)
	at org.apache.catalina.core.ApplicationFilterChain.doFilter(ApplicationFilterChain.java:166)
	at org.springframework.web.filter.HiddenHttpMethodFilter.doFilterInternal(HiddenHttpMethodFilter.java:93)
	at org.springframework.web.filter.OncePerRequestFilter.doFilter(OncePerRequestFilter.java:107)
	at org.apache.catalina.core.ApplicationFilterChain.internalDoFilter(ApplicationFilterChain.java:193)
	at org.apache.catalina.core.ApplicationFilterChain.doFilter(ApplicationFilterChain.java:166)
	at org.springframework.boot.actuate.metrics.web.servlet.WebMvcMetricsFilter.filterAndRecordMetrics(WebMvcMetricsFilter.java:117)
	at org.springframework.boot.actuate.metrics.web.servlet.WebMvcMetricsFilter.doFilterInternal(WebMvcMetricsFilter.java:106)
	at org.springframework.web.filter.OncePerRequestFilter.doFilter(OncePerRequestFilter.java:107)
	at org.apache.catalina.core.ApplicationFilterChain.internalDoFilter(ApplicationFilterChain.java:193)
	at org.apache.catalina.core.ApplicationFilterChain.doFilter(ApplicationFilterChain.java:166)
	at org.springframework.web.filter.CharacterEncodingFilter.doFilterInternal(CharacterEncodingFilter.java:200)
	at org.springframework.web.filter.OncePerRequestFilter.doFilter(OncePerRequestFilter.java:107)
	at org.apache.catalina.core.ApplicationFilterChain.internalDoFilter(ApplicationFilterChain.java:193)
	at org.apache.catalina.core.ApplicationFilterChain.doFilter(ApplicationFilterChain.java:166)
	at org.apache.catalina.core.StandardWrapperValve.invoke(StandardWrapperValve.java:200)
	at org.apache.catalina.core.StandardContextValve.invoke(StandardContextValve.java:96)
	at org.apache.catalina.authenticator.AuthenticatorBase.invoke(AuthenticatorBase.java:490)
	at org.apache.catalina.core.StandardHostValve.invoke(StandardHostValve.java:139)
	at org.apache.catalina.valves.ErrorReportValve.invoke(ErrorReportValve.java:92)
	at org.apache.catalina.core.StandardEngineValve.invoke(StandardEngineValve.java:74)
	at org.apache.catalina.connector.CoyoteAdapter.service(CoyoteAdapter.java:343)
	at org.apache.coyote.http11.Http11Processor.service(Http11Processor.java:408)
	at org.apache.coyote.AbstractProcessorLight.process(AbstractProcessorLight.java:66)
	at org.apache.coyote.AbstractProtocol$ConnectionHandler.process(AbstractProtocol.java:834)
	at org.apache.tomcat.util.net.NioEndpoint$SocketProcessor.doRun(NioEndpoint.java:1415)
	at org.apache.tomcat.util.net.SocketProcessorBase.run(SocketProcessorBase.java:49)
	at java.util.concurrent.ThreadPoolExecutor.runWorker(Unknown Source)
	at java.util.concurrent.ThreadPoolExecutor$Worker.run(Unknown Source)
	at org.apache.tomcat.util.threads.TaskThread$WrappingRunnable.run(TaskThread.java:61)
	at java.lang.Thread.run(Unknown Source)
Caused by: java.lang.IllegalStateException: org.hibernate.TransientPropertyValueException: object references an unsaved transient instance - save the transient instance before flushing : com.myapp.taskmanager.entity.Task.prntTask -> com.myapp.taskmanager.entity.ParentTask
	at org.hibernate.internal.ExceptionConverterImpl.convert(ExceptionConverterImpl.java:151)
	at org.hibernate.internal.ExceptionConverterImpl.convert(ExceptionConverterImpl.java:181)
	at org.hibernate.internal.ExceptionConverterImpl.convert(ExceptionConverterImpl.java:188)
	at org.hibernate.internal.SessionImpl.doFlush(SessionImpl.java:1459)
	at org.hibernate.internal.SessionImpl.managedFlush(SessionImpl.java:510)
	at org.hibernate.internal.SessionImpl.flushBeforeTransactionCompletion(SessionImpl.java:3282)
	at org.hibernate.internal.SessionImpl.beforeTransactionCompletion(SessionImpl.java:2478)
	at org.hibernate.engine.jdbc.internal.JdbcCoordinatorImpl.beforeTransactionCompletion(JdbcCoordinatorImpl.java:473)
	at org.hibernate.resource.transaction.backend.jdbc.internal.JdbcResourceLocalTransactionCoordinatorImpl.beforeCompletionCallback(JdbcResourceLocalTransactionCoordinatorImpl.java:178)
	at org.hibernate.resource.transaction.backend.jdbc.internal.JdbcResourceLocalTransactionCoordinatorImpl.access$300(JdbcResourceLocalTransactionCoordinatorImpl.java:39)
	at org.hibernate.resource.transaction.backend.jdbc.internal.JdbcResourceLocalTransactionCoordinatorImpl$TransactionDriverControlImpl.commit(JdbcResourceLocalTransactionCoordinatorImpl.java:271)
	at org.hibernate.engine.transaction.internal.TransactionImpl.commit(TransactionImpl.java:104)
	at org.springframework.orm.jpa.JpaTransactionManager.doCommit(JpaTransactionManager.java:532)
	... 108 common frames omitted
Caused by: org.hibernate.TransientPropertyValueException: object references an unsaved transient instance - save the transient instance before flushing : com.myapp.taskmanager.entity.Task.prntTask -> com.myapp.taskmanager.entity.ParentTask
	at org.hibernate.engine.spi.CascadingActions$8.noCascade(CascadingActions.java:380)
	at org.hibernate.engine.internal.Cascade.cascade(Cascade.java:165)
	at org.hibernate.event.internal.AbstractFlushingEventListener.cascadeOnFlush(AbstractFlushingEventListener.java:159)
	at org.hibernate.event.internal.AbstractFlushingEventListener.prepareEntityFlushes(AbstractFlushingEventListener.java:150)
	at org.hibernate.event.internal.AbstractFlushingEventListener.flushEverythingToExecutions(AbstractFlushingEventListener.java:83)
	at org.hibernate.event.internal.DefaultFlushEventListener.onFlush(DefaultFlushEventListener.java:38)
	at org.hibernate.internal.SessionImpl.doFlush(SessionImpl.java:1453)
	... 117 common frames omitted
2019-06-03 23:08:13,415 ERROR com.myapp.taskmanager.exception.TaskManagerCustomExceptionHandler [http-nio-8085-exec-4] handleGenericException errRespObj com.myapp.taskmanager.exception.TaskManagerErrorResponse@536e556
2019-06-03 23:08:13,593 DEBUG com.myapp.taskmanager.controller.TaskManagerController [http-nio-8085-exec-7] POST addNewTask() request received TaskDTO [taskId=0, task=MY TEST TASK FOR KYC , startDate=2019-06-04, endDate=2019-10-04, priority=8, taskComplete=null]
2019-06-03 23:08:13,593 DEBUG com.myapp.taskmanager.controller.TaskManagerController [http-nio-8085-exec-7] POST addNewTask() mapped entity Task [taskId=0, task=MY TEST TASK FOR KYC , startDate=2019-06-04, endDate=2019-10-04, priority=8, taskComplete=null]
2019-06-03 23:08:13,594 DEBUG com.myapp.taskmanager.service.TaskManagerServiceImpl [http-nio-8085-exec-7] Calling repository for createTask Task Task [taskId=0, task=MY TEST TASK FOR KYC , startDate=2019-06-04, endDate=2019-10-04, priority=8, taskComplete=null]
2019-06-03 23:08:13,613 ERROR org.hibernate.internal.ExceptionMapperStandardImpl [http-nio-8085-exec-7] HHH000346: Error during managed flush [org.hibernate.TransientPropertyValueException: object references an unsaved transient instance - save the transient instance before flushing : com.myapp.taskmanager.entity.Task.prntTask -> com.myapp.taskmanager.entity.ParentTask]
2019-06-03 23:08:13,618 ERROR com.myapp.taskmanager.exception.TaskManagerCustomExceptionHandler [http-nio-8085-exec-7] handleGenericException ex {}
org.springframework.dao.InvalidDataAccessApiUsageException: org.hibernate.TransientPropertyValueException: object references an unsaved transient instance - save the transient instance before flushing : com.myapp.taskmanager.entity.Task.prntTask -> com.myapp.taskmanager.entity.ParentTask; nested exception is java.lang.IllegalStateException: org.hibernate.TransientPropertyValueException: object references an unsaved transient instance - save the transient instance before flushing : com.myapp.taskmanager.entity.Task.prntTask -> com.myapp.taskmanager.entity.ParentTask
	at org.springframework.orm.jpa.EntityManagerFactoryUtils.convertJpaAccessExceptionIfPossible(EntityManagerFactoryUtils.java:370)
	at org.springframework.orm.jpa.vendor.HibernateJpaDialect.translateExceptionIfPossible(HibernateJpaDialect.java:255)
	at org.springframework.orm.jpa.JpaTransactionManager.doCommit(JpaTransactionManager.java:536)
	at org.springframework.transaction.support.AbstractPlatformTransactionManager.processCommit(AbstractPlatformTransactionManager.java:746)
	at org.springframework.transaction.support.AbstractPlatformTransactionManager.commit(AbstractPlatformTransactionManager.java:714)
	at org.springframework.transaction.interceptor.TransactionAspectSupport.commitTransactionAfterReturning(TransactionAspectSupport.java:533)
	at org.springframework.transaction.interceptor.TransactionAspectSupport.invokeWithinTransaction(TransactionAspectSupport.java:304)
	at org.springframework.transaction.interceptor.TransactionInterceptor.invoke(TransactionInterceptor.java:98)
	at org.springframework.aop.framework.ReflectiveMethodInvocation.proceed(ReflectiveMethodInvocation.java:186)
	at org.springframework.aop.framework.CglibAopProxy$DynamicAdvisedInterceptor.intercept(CglibAopProxy.java:688)
	at com.myapp.taskmanager.service.TaskManagerServiceImpl$$EnhancerBySpringCGLIB$$a1ef80ae.createTask(<generated>)
	at com.myapp.taskmanager.controller.TaskManagerController.addNewTask(TaskManagerController.java:86)
	at sun.reflect.NativeMethodAccessorImpl.invoke0(Native Method)
	at sun.reflect.NativeMethodAccessorImpl.invoke(Unknown Source)
	at sun.reflect.DelegatingMethodAccessorImpl.invoke(Unknown Source)
	at java.lang.reflect.Method.invoke(Unknown Source)
	at org.springframework.web.method.support.InvocableHandlerMethod.doInvoke(InvocableHandlerMethod.java:189)
	at org.springframework.web.method.support.InvocableHandlerMethod.invokeForRequest(InvocableHandlerMethod.java:138)
	at org.springframework.web.servlet.mvc.method.annotation.ServletInvocableHandlerMethod.invokeAndHandle(ServletInvocableHandlerMethod.java:102)
	at org.springframework.web.servlet.mvc.method.annotation.RequestMappingHandlerAdapter.invokeHandlerMethod(RequestMappingHandlerAdapter.java:892)
	at org.springframework.web.servlet.mvc.method.annotation.RequestMappingHandlerAdapter.handleInternal(RequestMappingHandlerAdapter.java:797)
	at org.springframework.web.servlet.mvc.method.AbstractHandlerMethodAdapter.handle(AbstractHandlerMethodAdapter.java:87)
	at org.springframework.web.servlet.DispatcherServlet.doDispatch(DispatcherServlet.java:1038)
	at org.springframework.web.servlet.DispatcherServlet.doService(DispatcherServlet.java:942)
	at org.springframework.web.servlet.FrameworkServlet.processRequest(FrameworkServlet.java:1005)
	at org.springframework.web.servlet.FrameworkServlet.doPost(FrameworkServlet.java:908)
	at javax.servlet.http.HttpServlet.service(HttpServlet.java:660)
	at org.springframework.web.servlet.FrameworkServlet.service(FrameworkServlet.java:882)
	at javax.servlet.http.HttpServlet.service(HttpServlet.java:741)
	at org.apache.catalina.core.ApplicationFilterChain.internalDoFilter(ApplicationFilterChain.java:231)
	at org.apache.catalina.core.ApplicationFilterChain.doFilter(ApplicationFilterChain.java:166)
	at org.apache.tomcat.websocket.server.WsFilter.doFilter(WsFilter.java:53)
	at org.apache.catalina.core.ApplicationFilterChain.internalDoFilter(ApplicationFilterChain.java:193)
	at org.apache.catalina.core.ApplicationFilterChain.doFilter(ApplicationFilterChain.java:166)
	at org.springframework.boot.actuate.web.trace.servlet.HttpTraceFilter.doFilterInternal(HttpTraceFilter.java:90)
	at org.springframework.web.filter.OncePerRequestFilter.doFilter(OncePerRequestFilter.java:107)
	at org.apache.catalina.core.ApplicationFilterChain.internalDoFilter(ApplicationFilterChain.java:193)
	at org.apache.catalina.core.ApplicationFilterChain.doFilter(ApplicationFilterChain.java:166)
	at org.springframework.security.web.FilterChainProxy$VirtualFilterChain.doFilter(FilterChainProxy.java:320)
	at org.springframework.security.web.access.intercept.FilterSecurityInterceptor.invoke(FilterSecurityInterceptor.java:127)
	at org.springframework.security.web.access.intercept.FilterSecurityInterceptor.doFilter(FilterSecurityInterceptor.java:91)
	at org.springframework.security.web.FilterChainProxy$VirtualFilterChain.doFilter(FilterChainProxy.java:334)
	at org.springframework.security.web.access.ExceptionTranslationFilter.doFilter(ExceptionTranslationFilter.java:119)
	at org.springframework.security.web.FilterChainProxy$VirtualFilterChain.doFilter(FilterChainProxy.java:334)
	at org.springframework.security.web.session.SessionManagementFilter.doFilter(SessionManagementFilter.java:137)
	at org.springframework.security.web.FilterChainProxy$VirtualFilterChain.doFilter(FilterChainProxy.java:334)
	at org.springframework.security.web.authentication.AnonymousAuthenticationFilter.doFilter(AnonymousAuthenticationFilter.java:111)
	at org.springframework.security.web.FilterChainProxy$VirtualFilterChain.doFilter(FilterChainProxy.java:334)
	at org.springframework.security.web.servletapi.SecurityContextHolderAwareRequestFilter.doFilter(SecurityContextHolderAwareRequestFilter.java:170)
	at org.springframework.security.web.FilterChainProxy$VirtualFilterChain.doFilter(FilterChainProxy.java:334)
	at org.springframework.security.web.savedrequest.RequestCacheAwareFilter.doFilter(RequestCacheAwareFilter.java:63)
	at org.springframework.security.web.FilterChainProxy$VirtualFilterChain.doFilter(FilterChainProxy.java:334)
	at org.springframework.security.web.authentication.www.BasicAuthenticationFilter.doFilterInternal(BasicAuthenticationFilter.java:215)
	at org.springframework.web.filter.OncePerRequestFilter.doFilter(OncePerRequestFilter.java:107)
	at org.springframework.security.web.FilterChainProxy$VirtualFilterChain.doFilter(FilterChainProxy.java:334)
	at org.springframework.security.web.authentication.logout.LogoutFilter.doFilter(LogoutFilter.java:116)
	at org.springframework.security.web.FilterChainProxy$VirtualFilterChain.doFilter(FilterChainProxy.java:334)
	at org.springframework.web.filter.CorsFilter.doFilterInternal(CorsFilter.java:96)
	at org.springframework.web.filter.OncePerRequestFilter.doFilter(OncePerRequestFilter.java:107)
	at org.springframework.security.web.FilterChainProxy$VirtualFilterChain.doFilter(FilterChainProxy.java:334)
	at org.springframework.security.web.header.HeaderWriterFilter.doFilterInternal(HeaderWriterFilter.java:74)
	at org.springframework.web.filter.OncePerRequestFilter.doFilter(OncePerRequestFilter.java:107)
	at org.springframework.security.web.FilterChainProxy$VirtualFilterChain.doFilter(FilterChainProxy.java:334)
	at org.springframework.security.web.context.SecurityContextPersistenceFilter.doFilter(SecurityContextPersistenceFilter.java:105)
	at org.springframework.security.web.FilterChainProxy$VirtualFilterChain.doFilter(FilterChainProxy.java:334)
	at org.springframework.security.web.context.request.async.WebAsyncManagerIntegrationFilter.doFilterInternal(WebAsyncManagerIntegrationFilter.java:56)
	at org.springframework.web.filter.OncePerRequestFilter.doFilter(OncePerRequestFilter.java:107)
	at org.springframework.security.web.FilterChainProxy$VirtualFilterChain.doFilter(FilterChainProxy.java:334)
	at org.springframework.security.web.FilterChainProxy.doFilterInternal(FilterChainProxy.java:215)
	at org.springframework.security.web.FilterChainProxy.doFilter(FilterChainProxy.java:178)
	at org.springframework.web.filter.DelegatingFilterProxy.invokeDelegate(DelegatingFilterProxy.java:357)
	at org.springframework.web.filter.DelegatingFilterProxy.doFilter(DelegatingFilterProxy.java:270)
	at org.apache.catalina.core.ApplicationFilterChain.internalDoFilter(ApplicationFilterChain.java:193)
	at org.apache.catalina.core.ApplicationFilterChain.doFilter(ApplicationFilterChain.java:166)
	at org.springframework.web.filter.RequestContextFilter.doFilterInternal(RequestContextFilter.java:99)
	at org.springframework.web.filter.OncePerRequestFilter.doFilter(OncePerRequestFilter.java:107)
	at org.apache.catalina.core.ApplicationFilterChain.internalDoFilter(ApplicationFilterChain.java:193)
	at org.apache.catalina.core.ApplicationFilterChain.doFilter(ApplicationFilterChain.java:166)
	at org.springframework.web.filter.FormContentFilter.doFilterInternal(FormContentFilter.java:92)
	at org.springframework.web.filter.OncePerRequestFilter.doFilter(OncePerRequestFilter.java:107)
	at org.apache.catalina.core.ApplicationFilterChain.internalDoFilter(ApplicationFilterChain.java:193)
	at org.apache.catalina.core.ApplicationFilterChain.doFilter(ApplicationFilterChain.java:166)
	at org.springframework.web.filter.HiddenHttpMethodFilter.doFilterInternal(HiddenHttpMethodFilter.java:93)
	at org.springframework.web.filter.OncePerRequestFilter.doFilter(OncePerRequestFilter.java:107)
	at org.apache.catalina.core.ApplicationFilterChain.internalDoFilter(ApplicationFilterChain.java:193)
	at org.apache.catalina.core.ApplicationFilterChain.doFilter(ApplicationFilterChain.java:166)
	at org.springframework.boot.actuate.metrics.web.servlet.WebMvcMetricsFilter.filterAndRecordMetrics(WebMvcMetricsFilter.java:117)
	at org.springframework.boot.actuate.metrics.web.servlet.WebMvcMetricsFilter.doFilterInternal(WebMvcMetricsFilter.java:106)
	at org.springframework.web.filter.OncePerRequestFilter.doFilter(OncePerRequestFilter.java:107)
	at org.apache.catalina.core.ApplicationFilterChain.internalDoFilter(ApplicationFilterChain.java:193)
	at org.apache.catalina.core.ApplicationFilterChain.doFilter(ApplicationFilterChain.java:166)
	at org.springframework.web.filter.CharacterEncodingFilter.doFilterInternal(CharacterEncodingFilter.java:200)
	at org.springframework.web.filter.OncePerRequestFilter.doFilter(OncePerRequestFilter.java:107)
	at org.apache.catalina.core.ApplicationFilterChain.internalDoFilter(ApplicationFilterChain.java:193)
	at org.apache.catalina.core.ApplicationFilterChain.doFilter(ApplicationFilterChain.java:166)
	at org.apache.catalina.core.StandardWrapperValve.invoke(StandardWrapperValve.java:200)
	at org.apache.catalina.core.StandardContextValve.invoke(StandardContextValve.java:96)
	at org.apache.catalina.authenticator.AuthenticatorBase.invoke(AuthenticatorBase.java:490)
	at org.apache.catalina.core.StandardHostValve.invoke(StandardHostValve.java:139)
	at org.apache.catalina.valves.ErrorReportValve.invoke(ErrorReportValve.java:92)
	at org.apache.catalina.core.StandardEngineValve.invoke(StandardEngineValve.java:74)
	at org.apache.catalina.connector.CoyoteAdapter.service(CoyoteAdapter.java:343)
	at org.apache.coyote.http11.Http11Processor.service(Http11Processor.java:408)
	at org.apache.coyote.AbstractProcessorLight.process(AbstractProcessorLight.java:66)
	at org.apache.coyote.AbstractProtocol$ConnectionHandler.process(AbstractProtocol.java:834)
	at org.apache.tomcat.util.net.NioEndpoint$SocketProcessor.doRun(NioEndpoint.java:1415)
	at org.apache.tomcat.util.net.SocketProcessorBase.run(SocketProcessorBase.java:49)
	at java.util.concurrent.ThreadPoolExecutor.runWorker(Unknown Source)
	at java.util.concurrent.ThreadPoolExecutor$Worker.run(Unknown Source)
	at org.apache.tomcat.util.threads.TaskThread$WrappingRunnable.run(TaskThread.java:61)
	at java.lang.Thread.run(Unknown Source)
Caused by: java.lang.IllegalStateException: org.hibernate.TransientPropertyValueException: object references an unsaved transient instance - save the transient instance before flushing : com.myapp.taskmanager.entity.Task.prntTask -> com.myapp.taskmanager.entity.ParentTask
	at org.hibernate.internal.ExceptionConverterImpl.convert(ExceptionConverterImpl.java:151)
	at org.hibernate.internal.ExceptionConverterImpl.convert(ExceptionConverterImpl.java:181)
	at org.hibernate.internal.ExceptionConverterImpl.convert(ExceptionConverterImpl.java:188)
	at org.hibernate.internal.SessionImpl.doFlush(SessionImpl.java:1459)
	at org.hibernate.internal.SessionImpl.managedFlush(SessionImpl.java:510)
	at org.hibernate.internal.SessionImpl.flushBeforeTransactionCompletion(SessionImpl.java:3282)
	at org.hibernate.internal.SessionImpl.beforeTransactionCompletion(SessionImpl.java:2478)
	at org.hibernate.engine.jdbc.internal.JdbcCoordinatorImpl.beforeTransactionCompletion(JdbcCoordinatorImpl.java:473)
	at org.hibernate.resource.transaction.backend.jdbc.internal.JdbcResourceLocalTransactionCoordinatorImpl.beforeCompletionCallback(JdbcResourceLocalTransactionCoordinatorImpl.java:178)
	at org.hibernate.resource.transaction.backend.jdbc.internal.JdbcResourceLocalTransactionCoordinatorImpl.access$300(JdbcResourceLocalTransactionCoordinatorImpl.java:39)
	at org.hibernate.resource.transaction.backend.jdbc.internal.JdbcResourceLocalTransactionCoordinatorImpl$TransactionDriverControlImpl.commit(JdbcResourceLocalTransactionCoordinatorImpl.java:271)
	at org.hibernate.engine.transaction.internal.TransactionImpl.commit(TransactionImpl.java:104)
	at org.springframework.orm.jpa.JpaTransactionManager.doCommit(JpaTransactionManager.java:532)
	... 108 common frames omitted
Caused by: org.hibernate.TransientPropertyValueException: object references an unsaved transient instance - save the transient instance before flushing : com.myapp.taskmanager.entity.Task.prntTask -> com.myapp.taskmanager.entity.ParentTask
	at org.hibernate.engine.spi.CascadingActions$8.noCascade(CascadingActions.java:380)
	at org.hibernate.engine.internal.Cascade.cascade(Cascade.java:165)
	at org.hibernate.event.internal.AbstractFlushingEventListener.cascadeOnFlush(AbstractFlushingEventListener.java:159)
	at org.hibernate.event.internal.AbstractFlushingEventListener.prepareEntityFlushes(AbstractFlushingEventListener.java:150)
	at org.hibernate.event.internal.AbstractFlushingEventListener.flushEverythingToExecutions(AbstractFlushingEventListener.java:83)
	at org.hibernate.event.internal.DefaultFlushEventListener.onFlush(DefaultFlushEventListener.java:38)
	at org.hibernate.internal.SessionImpl.doFlush(SessionImpl.java:1453)
	... 117 common frames omitted
2019-06-03 23:08:13,621 ERROR com.myapp.taskmanager.exception.TaskManagerCustomExceptionHandler [http-nio-8085-exec-7] handleGenericException errRespObj com.myapp.taskmanager.exception.TaskManagerErrorResponse@1423d2b2
2019-06-03 23:09:05,779 DEBUG com.myapp.taskmanager.controller.TaskManagerController [http-nio-8085-exec-9] POST addNewTask() request received TaskDTO [taskId=0, task=MY TEST TASK FOR KYC , startDate=2019-06-04, endDate=2019-10-04, priority=8, taskComplete=null]
2019-06-03 23:09:05,780 DEBUG com.myapp.taskmanager.controller.TaskManagerController [http-nio-8085-exec-9] POST addNewTask() mapped entity Task [taskId=0, task=MY TEST TASK FOR KYC , startDate=2019-06-04, endDate=2019-10-04, priority=8, taskComplete=null]
2019-06-03 23:09:05,781 DEBUG com.myapp.taskmanager.service.TaskManagerServiceImpl [http-nio-8085-exec-9] Calling repository for createTask Task Task [taskId=0, task=MY TEST TASK FOR KYC , startDate=2019-06-04, endDate=2019-10-04, priority=8, taskComplete=null]
2019-06-03 23:09:06,298 DEBUG com.myapp.taskmanager.controller.TaskManagerController [http-nio-8085-exec-1] GET listAllTasks() request received
2019-06-03 23:09:06,314 DEBUG com.myapp.taskmanager.service.TaskManagerServiceImpl [http-nio-8085-exec-1] Calling repository for findAllTasks
2019-06-03 23:09:06,345 DEBUG com.myapp.taskmanager.controller.TaskManagerController [http-nio-8085-exec-2] GET listAllParentTasks() request received
2019-06-03 23:09:06,345 DEBUG com.myapp.taskmanager.service.TaskManagerServiceImpl [http-nio-8085-exec-2] Calling repository for findAllParenTasks
2019-06-03 23:11:07,006 INFO com.zaxxer.hikari.HikariDataSource [RMI TCP Connection(2)-127.0.0.1] HikariPool-1 - Shutdown initiated...
2019-06-03 23:11:07,006 INFO com.zaxxer.hikari.HikariDataSource [RMI TCP Connection(2)-127.0.0.1] HikariPool-1 - Shutdown completed.
